<?xml version="1.0" encoding="UTF-8"?>
<!-- Generated by org.testng.reporters.JUnitReportReporter -->
<testsuite hostname="DESKTOP-AUV558E" failures="0" tests="1" name="testng.Test0" time="0.008" errors="0" timestamp="2022-10-08T08:44:19 IST" skipped="0">
  <testcase classname="testng.Test0" name="demo" time="0.008"/>
  <system-out>
    <![CDATA[hello selenium
hello java]]>
  </system-out>
</testsuite> <!-- testng.Test0 -->
