<?xml version="1.0" encoding="UTF-8"?>
<!-- Generated by org.testng.reporters.JUnitReportReporter -->
<testsuite hostname="DESKTOP-AUV558E" failures="0" tests="1" name="testng.Testcase2" time="10.179" errors="0" timestamp="2022-10-11T08:29:59 IST" skipped="0">
  <testcase classname="testng.Testcase2" name="actiitmeinx" time="10.179"/>
  <system-out>
    <![CDATA[actiTIME - Login
https://demo.actitime.com/login.do]]>
  </system-out>
</testsuite> <!-- testng.Testcase2 -->
