<?xml version="1.0" encoding="UTF-8"?>
<!-- Generated by org.testng.reporters.JUnitReportReporter -->
<testsuite hostname="DESKTOP-AUV558E" failures="0" tests="3" name="testng.Test1" time="0.012" errors="0" timestamp="2022-10-08T09:08:07 IST" skipped="2">
  <testcase classname="testng.Test1" name="chats" time="0.012"/>
  <system-out>
    <![CDATA[chats]]>
  </system-out>
  <testcase classname="testng.Test1" name="settings">
    <skipped/>
  </testcase> <!-- settings -->
  <system-out/>
  <testcase classname="testng.Test1" name="demo">
    <skipped/>
  </testcase> <!-- demo -->
  <system-out/>
</testsuite> <!-- testng.Test1 -->
